[2023-12-12 07:42:17] local.ERROR: Method Illuminate\Http\Request::validated does not exist. {"exception":"[object] (BadMethodCallException(code: 0): Method Illuminate\\Http\\Request::validated does not exist. at D:\\SEMESTER 5\\PEMROGRAMAN WEB C\\MODUL\\Modul 6\\CodeLab\\praktikum-laravel\\vendor\\laravel\\framework\\src\\Illuminate\\Macroable\\Traits\\Macroable.php:112)
[stacktrace]
#0 D:\\SEMESTER 5\\PEMROGRAMAN WEB C\\MODUL\\Modul 6\\CodeLab\\praktikum-laravel\\app\\Http\\Controllers\\ProductCategoryController.php(36): Illuminate\\Http\\Request->__call('validated', Array)
#1 D:\\SEMESTER 5\\PEMROGRAMAN WEB C\\MODUL\\Modul 6\\CodeLab\\praktikum-laravel\\vendor\\laravel\\framework\\src\\Illuminate\\Routing\\Controller.php(54): App\\Http\\Controllers\\ProductCategoryController->store(Object(Illuminate\\Http\\Request))
#2 D:\\SEMESTER 5\\PEMROGRAMAN WEB C\\MODUL\\Modul 6\\CodeLab\\praktikum-laravel\\vendor\\laravel\\framework\\src\\Illuminate\\Routing\\ControllerDispatcher.php(43): Illuminate\\Routing\\Controller->callAction('store', Array)
#3 D:\\SEMESTER 5\\PEMROGRAMAN WEB C\\MODUL\\Modul 6\\CodeLab\\praktikum-laravel\\vendor\\laravel\\framework\\src\\Illuminate\\Routing\\Route.php(259): Illuminate\\Routing\\ControllerDispatcher->dispatch(Object(Illuminate\\Routing\\Route), Object(App\\Http\\Controllers\\ProductCategoryController), 'store')
#4 D:\\SEMESTER 5\\PEMROGRAMAN WEB C\\MODUL\\Modul 6\\CodeLab\\praktikum-laravel\\vendor\\laravel\\framework\\src\\Illuminate\\Routing\\Route.php(205): Illuminate\\Routing\\Route->runController()
#5 D:\\SEMESTER 5\\PEMROGRAMAN WEB C\\MODUL\\Modul 6\\CodeLab\\praktikum-laravel\\vendor\\laravel\\framework\\src\\Illuminate\\Routing\\Router.php(806): Illuminate\\Routing\\Route->run()
#6 D:\\SEMESTER 5\\PEMROGRAMAN WEB C\\MODUL\\Modul 6\\CodeLab\\praktikum-laravel\\vendor\\laravel\\framework\\src\\Illuminate\\Pipeline\\Pipeline.php(141): Illuminate\\Routing\\Router->Illuminate\\Routing\\{closure}(Object(Illuminate\\Http\\Request))
#7 D:\\SEMESTER 5\\PEMROGRAMAN WEB C\\MODUL\\Modul 6\\CodeLab\\praktikum-laravel\\vendor\\laravel\\framework\\src\\Illuminate\\Routing\\Middleware\\SubstituteBindings.php(50): Illuminate\\Pipeline\\Pipeline->Illuminate\\Pipeline\\{closure}(Object(Illuminate\\Http\\Request))
#8 D:\\SEMESTER 5\\PEMROGRAMAN WEB C\\MODUL\\Modul 6\\CodeLab\\praktikum-laravel\\vendor\\laravel\\framework\\src\\Illuminate\\Pipeline\\Pipeline.php(180): Illuminate\\Routing\\Middleware\\SubstituteBindings->handle(Object(Illuminate\\Http\\Request), Object(Closure))
#9 D:\\SEMESTER 5\\PEMROGRAMAN WEB C\\MODUL\\Modul 6\\CodeLab\\praktikum-laravel\\vendor\\laravel\\framework\\src\\Illuminate\\Routing\\Middleware\\ThrottleRequests.php(159): Illuminate\\Pipeline\\Pipeline->Illuminate\\Pipeline\\{closure}(Object(Illuminate\\Http\\Request))
#10 D:\\SEMESTER 5\\PEMROGRAMAN WEB C\\MODUL\\Modul 6\\CodeLab\\praktikum-laravel\\vendor\\laravel\\framework\\src\\Illuminate\\Routing\\Middleware\\ThrottleRequests.php(125): Illuminate\\Routing\\Middleware\\ThrottleRequests->handleRequest(Object(Illuminate\\Http\\Request), Object(Closure), Array)
#11 D:\\SEMESTER 5\\PEMROGRAMAN WEB C\\MODUL\\Modul 6\\CodeLab\\praktikum-laravel\\vendor\\laravel\\framework\\src\\Illuminate\\Routing\\Middleware\\ThrottleRequests.php(87): Illuminate\\Routing\\Middleware\\ThrottleRequests->handleRequestUsingNamedLimiter(Object(Illuminate\\Http\\Request), Object(Closure), 'api', Object(Closure))
#12 D:\\SEMESTER 5\\PEMROGRAMAN WEB C\\MODUL\\Modul 6\\CodeLab\\praktikum-laravel\\vendor\\laravel\\framework\\src\\Illuminate\\Pipeline\\Pipeline.php(180): Illuminate\\Routing\\Middleware\\ThrottleRequests->handle(Object(Illuminate\\Http\\Request), Object(Closure), 'api')
#13 D:\\SEMESTER 5\\PEMROGRAMAN WEB C\\MODUL\\Modul 6\\CodeLab\\praktikum-laravel\\vendor\\laravel\\framework\\src\\Illuminate\\Pipeline\\Pipeline.php(116): Illuminate\\Pipeline\\Pipeline->Illuminate\\Pipeline\\{closure}(Object(Illuminate\\Http\\Request))
#14 D:\\SEMESTER 5\\PEMROGRAMAN WEB C\\MODUL\\Modul 6\\CodeLab\\praktikum-laravel\\vendor\\laravel\\framework\\src\\Illuminate\\Routing\\Router.php(805): Illuminate\\Pipeline\\Pipeline->then(Object(Closure))
#15 D:\\SEMESTER 5\\PEMROGRAMAN WEB C\\MODUL\\Modul 6\\CodeLab\\praktikum-laravel\\vendor\\laravel\\framework\\src\\Illuminate\\Routing\\Router.php(784): Illuminate\\Routing\\Router->runRouteWithinStack(Object(Illuminate\\Routing\\Route), Object(Illuminate\\Http\\Request))
#16 D:\\SEMESTER 5\\PEMROGRAMAN WEB C\\MODUL\\Modul 6\\CodeLab\\praktikum-laravel\\vendor\\laravel\\framework\\src\\Illuminate\\Routing\\Router.php(748): Illuminate\\Routing\\Router->runRoute(Object(Illuminate\\Http\\Request), Object(Illuminate\\Routing\\Route))
#17 D:\\SEMESTER 5\\PEMROGRAMAN WEB C\\MODUL\\Modul 6\\CodeLab\\praktikum-laravel\\vendor\\laravel\\framework\\src\\Illuminate\\Routing\\Router.php(737): Illuminate\\Routing\\Router->dispatchToRoute(Object(Illuminate\\Http\\Request))
#18 D:\\SEMESTER 5\\PEMROGRAMAN WEB C\\MODUL\\Modul 6\\CodeLab\\praktikum-laravel\\vendor\\laravel\\framework\\src\\Illuminate\\Foundation\\Http\\Kernel.php(200): Illuminate\\Routing\\Router->dispatch(Object(Illuminate\\Http\\Request))
#19 D:\\SEMESTER 5\\PEMROGRAMAN WEB C\\MODUL\\Modul 6\\CodeLab\\praktikum-laravel\\vendor\\laravel\\framework\\src\\Illuminate\\Pipeline\\Pipeline.php(141): Illuminate\\Foundation\\Http\\Kernel->Illuminate\\Foundation\\Http\\{closure}(Object(Illuminate\\Http\\Request))
#20 D:\\SEMESTER 5\\PEMROGRAMAN WEB C\\MODUL\\Modul 6\\CodeLab\\praktikum-laravel\\vendor\\laravel\\framework\\src\\Illuminate\\Foundation\\Http\\Middleware\\TransformsRequest.php(21): Illuminate\\Pipeline\\Pipeline->Illuminate\\Pipeline\\{closure}(Object(Illuminate\\Http\\Request))
#21 D:\\SEMESTER 5\\PEMROGRAMAN WEB C\\MODUL\\Modul 6\\CodeLab\\praktikum-laravel\\vendor\\laravel\\framework\\src\\Illuminate\\Foundation\\Http\\Middleware\\ConvertEmptyStringsToNull.php(31): Illuminate\\Foundation\\Http\\Middleware\\TransformsRequest->handle(Object(Illuminate\\Http\\Request), Object(Closure))
#22 D:\\SEMESTER 5\\PEMROGRAMAN WEB C\\MODUL\\Modul 6\\CodeLab\\praktikum-laravel\\vendor\\laravel\\framework\\src\\Illuminate\\Pipeline\\Pipeline.php(180): Illuminate\\Foundation\\Http\\Middleware\\ConvertEmptyStringsToNull->handle(Object(Illuminate\\Http\\Request), Object(Closure))
#23 D:\\SEMESTER 5\\PEMROGRAMAN WEB C\\MODUL\\Modul 6\\CodeLab\\praktikum-laravel\\vendor\\laravel\\framework\\src\\Illuminate\\Foundation\\Http\\Middleware\\TransformsRequest.php(21): Illuminate\\Pipeline\\Pipeline->Illuminate\\Pipeline\\{closure}(Object(Illuminate\\Http\\Request))
#24 D:\\SEMESTER 5\\PEMROGRAMAN WEB C\\MODUL\\Modul 6\\CodeLab\\praktikum-laravel\\vendor\\laravel\\framework\\src\\Illuminate\\Foundation\\Http\\Middleware\\TrimStrings.php(40): Illuminate\\Foundation\\Http\\Middleware\\TransformsRequest->handle(Object(Illuminate\\Http\\Request), Object(Closure))
#25 D:\\SEMESTER 5\\PEMROGRAMAN WEB C\\MODUL\\Modul 6\\CodeLab\\praktikum-laravel\\vendor\\laravel\\framework\\src\\Illuminate\\Pipeline\\Pipeline.php(180): Illuminate\\Foundation\\Http\\Middleware\\TrimStrings->handle(Object(Illuminate\\Http\\Request), Object(Closure))
#26 D:\\SEMESTER 5\\PEMROGRAMAN WEB C\\MODUL\\Modul 6\\CodeLab\\praktikum-laravel\\vendor\\laravel\\framework\\src\\Illuminate\\Foundation\\Http\\Middleware\\ValidatePostSize.php(27): Illuminate\\Pipeline\\Pipeline->Illuminate\\Pipeline\\{closure}(Object(Illuminate\\Http\\Request))
#27 D:\\SEMESTER 5\\PEMROGRAMAN WEB C\\MODUL\\Modul 6\\CodeLab\\praktikum-laravel\\vendor\\laravel\\framework\\src\\Illuminate\\Pipeline\\Pipeline.php(180): Illuminate\\Foundation\\Http\\Middleware\\ValidatePostSize->handle(Object(Illuminate\\Http\\Request), Object(Closure))
#28 D:\\SEMESTER 5\\PEMROGRAMAN WEB C\\MODUL\\Modul 6\\CodeLab\\praktikum-laravel\\vendor\\laravel\\framework\\src\\Illuminate\\Foundation\\Http\\Middleware\\PreventRequestsDuringMaintenance.php(99): Illuminate\\Pipeline\\Pipeline->Illuminate\\Pipeline\\{closure}(Object(Illuminate\\Http\\Request))
#29 D:\\SEMESTER 5\\PEMROGRAMAN WEB C\\MODUL\\Modul 6\\CodeLab\\praktikum-laravel\\vendor\\laravel\\framework\\src\\Illuminate\\Pipeline\\Pipeline.php(180): Illuminate\\Foundation\\Http\\Middleware\\PreventRequestsDuringMaintenance->handle(Object(Illuminate\\Http\\Request), Object(Closure))
#30 D:\\SEMESTER 5\\PEMROGRAMAN WEB C\\MODUL\\Modul 6\\CodeLab\\praktikum-laravel\\vendor\\laravel\\framework\\src\\Illuminate\\Http\\Middleware\\HandleCors.php(62): Illuminate\\Pipeline\\Pipeline->Illuminate\\Pipeline\\{closure}(Object(Illuminate\\Http\\Request))
#31 D:\\SEMESTER 5\\PEMROGRAMAN WEB C\\MODUL\\Modul 6\\CodeLab\\praktikum-laravel\\vendor\\laravel\\framework\\src\\Illuminate\\Pipeline\\Pipeline.php(180): Illuminate\\Http\\Middleware\\HandleCors->handle(Object(Illuminate\\Http\\Request), Object(Closure))
#32 D:\\SEMESTER 5\\PEMROGRAMAN WEB C\\MODUL\\Modul 6\\CodeLab\\praktikum-laravel\\vendor\\laravel\\framework\\src\\Illuminate\\Http\\Middleware\\TrustProxies.php(39): Illuminate\\Pipeline\\Pipeline->Illuminate\\Pipeline\\{closure}(Object(Illuminate\\Http\\Request))
#33 D:\\SEMESTER 5\\PEMROGRAMAN WEB C\\MODUL\\Modul 6\\CodeLab\\praktikum-laravel\\vendor\\laravel\\framework\\src\\Illuminate\\Pipeline\\Pipeline.php(180): Illuminate\\Http\\Middleware\\TrustProxies->handle(Object(Illuminate\\Http\\Request), Object(Closure))
#34 D:\\SEMESTER 5\\PEMROGRAMAN WEB C\\MODUL\\Modul 6\\CodeLab\\praktikum-laravel\\vendor\\laravel\\framework\\src\\Illuminate\\Pipeline\\Pipeline.php(116): Illuminate\\Pipeline\\Pipeline->Illuminate\\Pipeline\\{closure}(Object(Illuminate\\Http\\Request))
#35 D:\\SEMESTER 5\\PEMROGRAMAN WEB C\\MODUL\\Modul 6\\CodeLab\\praktikum-laravel\\vendor\\laravel\\framework\\src\\Illuminate\\Foundation\\Http\\Kernel.php(175): Illuminate\\Pipeline\\Pipeline->then(Object(Closure))
#36 D:\\SEMESTER 5\\PEMROGRAMAN WEB C\\MODUL\\Modul 6\\CodeLab\\praktikum-laravel\\vendor\\laravel\\framework\\src\\Illuminate\\Foundation\\Http\\Kernel.php(144): Illuminate\\Foundation\\Http\\Kernel->sendRequestThroughRouter(Object(Illuminate\\Http\\Request))
#37 D:\\SEMESTER 5\\PEMROGRAMAN WEB C\\MODUL\\Modul 6\\CodeLab\\praktikum-laravel\\public\\index.php(51): Illuminate\\Foundation\\Http\\Kernel->handle(Object(Illuminate\\Http\\Request))
#38 D:\\SEMESTER 5\\PEMROGRAMAN WEB C\\MODUL\\Modul 6\\CodeLab\\praktikum-laravel\\vendor\\laravel\\framework\\src\\Illuminate\\Foundation\\resources\\server.php(16): require_once('D:\\\\SEMESTER 5\\\\P...')
#39 {main}
"} 
[2023-12-12 07:48:58] local.ERROR: Method Illuminate\Http\Request::validated does not exist. {"exception":"[object] (BadMethodCallException(code: 0): Method Illuminate\\Http\\Request::validated does not exist. at D:\\SEMESTER 5\\PEMROGRAMAN WEB C\\MODUL\\Modul 6\\CodeLab\\praktikum-laravel\\vendor\\laravel\\framework\\src\\Illuminate\\Macroable\\Traits\\Macroable.php:112)
[stacktrace]
#0 D:\\SEMESTER 5\\PEMROGRAMAN WEB C\\MODUL\\Modul 6\\CodeLab\\praktikum-laravel\\app\\Http\\Controllers\\ProductCategoryController.php(36): Illuminate\\Http\\Request->__call('validated', Array)
#1 D:\\SEMESTER 5\\PEMROGRAMAN WEB C\\MODUL\\Modul 6\\CodeLab\\praktikum-laravel\\vendor\\laravel\\framework\\src\\Illuminate\\Routing\\Controller.php(54): App\\Http\\Controllers\\ProductCategoryController->store(Object(Illuminate\\Http\\Request))
#2 D:\\SEMESTER 5\\PEMROGRAMAN WEB C\\MODUL\\Modul 6\\CodeLab\\praktikum-laravel\\vendor\\laravel\\framework\\src\\Illuminate\\Routing\\ControllerDispatcher.php(43): Illuminate\\Routing\\Controller->callAction('store', Array)
#3 D:\\SEMESTER 5\\PEMROGRAMAN WEB C\\MODUL\\Modul 6\\CodeLab\\praktikum-laravel\\vendor\\laravel\\framework\\src\\Illuminate\\Routing\\Route.php(259): Illuminate\\Routing\\ControllerDispatcher->dispatch(Object(Illuminate\\Routing\\Route), Object(App\\Http\\Controllers\\ProductCategoryController), 'store')
#4 D:\\SEMESTER 5\\PEMROGRAMAN WEB C\\MODUL\\Modul 6\\CodeLab\\praktikum-laravel\\vendor\\laravel\\framework\\src\\Illuminate\\Routing\\Route.php(205): Illuminate\\Routing\\Route->runController()
#5 D:\\SEMESTER 5\\PEMROGRAMAN WEB C\\MODUL\\Modul 6\\CodeLab\\praktikum-laravel\\vendor\\laravel\\framework\\src\\Illuminate\\Routing\\Router.php(806): Illuminate\\Routing\\Route->run()
#6 D:\\SEMESTER 5\\PEMROGRAMAN WEB C\\MODUL\\Modul 6\\CodeLab\\praktikum-laravel\\vendor\\laravel\\framework\\src\\Illuminate\\Pipeline\\Pipeline.php(141): Illuminate\\Routing\\Router->Illuminate\\Routing\\{closure}(Object(Illuminate\\Http\\Request))
#7 D:\\SEMESTER 5\\PEMROGRAMAN WEB C\\MODUL\\Modul 6\\CodeLab\\praktikum-laravel\\vendor\\laravel\\framework\\src\\Illuminate\\Routing\\Middleware\\SubstituteBindings.php(50): Illuminate\\Pipeline\\Pipeline->Illuminate\\Pipeline\\{closure}(Object(Illuminate\\Http\\Request))
#8 D:\\SEMESTER 5\\PEMROGRAMAN WEB C\\MODUL\\Modul 6\\CodeLab\\praktikum-laravel\\vendor\\laravel\\framework\\src\\Illuminate\\Pipeline\\Pipeline.php(180): Illuminate\\Routing\\Middleware\\SubstituteBindings->handle(Object(Illuminate\\Http\\Request), Object(Closure))
#9 D:\\SEMESTER 5\\PEMROGRAMAN WEB C\\MODUL\\Modul 6\\CodeLab\\praktikum-laravel\\vendor\\laravel\\framework\\src\\Illuminate\\Routing\\Middleware\\ThrottleRequests.php(159): Illuminate\\Pipeline\\Pipeline->Illuminate\\Pipeline\\{closure}(Object(Illuminate\\Http\\Request))
#10 D:\\SEMESTER 5\\PEMROGRAMAN WEB C\\MODUL\\Modul 6\\CodeLab\\praktikum-laravel\\vendor\\laravel\\framework\\src\\Illuminate\\Routing\\Middleware\\ThrottleRequests.php(125): Illuminate\\Routing\\Middleware\\ThrottleRequests->handleRequest(Object(Illuminate\\Http\\Request), Object(Closure), Array)
#11 D:\\SEMESTER 5\\PEMROGRAMAN WEB C\\MODUL\\Modul 6\\CodeLab\\praktikum-laravel\\vendor\\laravel\\framework\\src\\Illuminate\\Routing\\Middleware\\ThrottleRequests.php(87): Illuminate\\Routing\\Middleware\\ThrottleRequests->handleRequestUsingNamedLimiter(Object(Illuminate\\Http\\Request), Object(Closure), 'api', Object(Closure))
#12 D:\\SEMESTER 5\\PEMROGRAMAN WEB C\\MODUL\\Modul 6\\CodeLab\\praktikum-laravel\\vendor\\laravel\\framework\\src\\Illuminate\\Pipeline\\Pipeline.php(180): Illuminate\\Routing\\Middleware\\ThrottleRequests->handle(Object(Illuminate\\Http\\Request), Object(Closure), 'api')
#13 D:\\SEMESTER 5\\PEMROGRAMAN WEB C\\MODUL\\Modul 6\\CodeLab\\praktikum-laravel\\vendor\\laravel\\framework\\src\\Illuminate\\Pipeline\\Pipeline.php(116): Illuminate\\Pipeline\\Pipeline->Illuminate\\Pipeline\\{closure}(Object(Illuminate\\Http\\Request))
#14 D:\\SEMESTER 5\\PEMROGRAMAN WEB C\\MODUL\\Modul 6\\CodeLab\\praktikum-laravel\\vendor\\laravel\\framework\\src\\Illuminate\\Routing\\Router.php(805): Illuminate\\Pipeline\\Pipeline->then(Object(Closure))
#15 D:\\SEMESTER 5\\PEMROGRAMAN WEB C\\MODUL\\Modul 6\\CodeLab\\praktikum-laravel\\vendor\\laravel\\framework\\src\\Illuminate\\Routing\\Router.php(784): Illuminate\\Routing\\Router->runRouteWithinStack(Object(Illuminate\\Routing\\Route), Object(Illuminate\\Http\\Request))
#16 D:\\SEMESTER 5\\PEMROGRAMAN WEB C\\MODUL\\Modul 6\\CodeLab\\praktikum-laravel\\vendor\\laravel\\framework\\src\\Illuminate\\Routing\\Router.php(748): Illuminate\\Routing\\Router->runRoute(Object(Illuminate\\Http\\Request), Object(Illuminate\\Routing\\Route))
#17 D:\\SEMESTER 5\\PEMROGRAMAN WEB C\\MODUL\\Modul 6\\CodeLab\\praktikum-laravel\\vendor\\laravel\\framework\\src\\Illuminate\\Routing\\Router.php(737): Illuminate\\Routing\\Router->dispatchToRoute(Object(Illuminate\\Http\\Request))
#18 D:\\SEMESTER 5\\PEMROGRAMAN WEB C\\MODUL\\Modul 6\\CodeLab\\praktikum-laravel\\vendor\\laravel\\framework\\src\\Illuminate\\Foundation\\Http\\Kernel.php(200): Illuminate\\Routing\\Router->dispatch(Object(Illuminate\\Http\\Request))
#19 D:\\SEMESTER 5\\PEMROGRAMAN WEB C\\MODUL\\Modul 6\\CodeLab\\praktikum-laravel\\vendor\\laravel\\framework\\src\\Illuminate\\Pipeline\\Pipeline.php(141): Illuminate\\Foundation\\Http\\Kernel->Illuminate\\Foundation\\Http\\{closure}(Object(Illuminate\\Http\\Request))
#20 D:\\SEMESTER 5\\PEMROGRAMAN WEB C\\MODUL\\Modul 6\\CodeLab\\praktikum-laravel\\vendor\\laravel\\framework\\src\\Illuminate\\Foundation\\Http\\Middleware\\TransformsRequest.php(21): Illuminate\\Pipeline\\Pipeline->Illuminate\\Pipeline\\{closure}(Object(Illuminate\\Http\\Request))
#21 D:\\SEMESTER 5\\PEMROGRAMAN WEB C\\MODUL\\Modul 6\\CodeLab\\praktikum-laravel\\vendor\\laravel\\framework\\src\\Illuminate\\Foundation\\Http\\Middleware\\ConvertEmptyStringsToNull.php(31): Illuminate\\Foundation\\Http\\Middleware\\TransformsRequest->handle(Object(Illuminate\\Http\\Request), Object(Closure))
#22 D:\\SEMESTER 5\\PEMROGRAMAN WEB C\\MODUL\\Modul 6\\CodeLab\\praktikum-laravel\\vendor\\laravel\\framework\\src\\Illuminate\\Pipeline\\Pipeline.php(180): Illuminate\\Foundation\\Http\\Middleware\\ConvertEmptyStringsToNull->handle(Object(Illuminate\\Http\\Request), Object(Closure))
#23 D:\\SEMESTER 5\\PEMROGRAMAN WEB C\\MODUL\\Modul 6\\CodeLab\\praktikum-laravel\\vendor\\laravel\\framework\\src\\Illuminate\\Foundation\\Http\\Middleware\\TransformsRequest.php(21): Illuminate\\Pipeline\\Pipeline->Illuminate\\Pipeline\\{closure}(Object(Illuminate\\Http\\Request))
#24 D:\\SEMESTER 5\\PEMROGRAMAN WEB C\\MODUL\\Modul 6\\CodeLab\\praktikum-laravel\\vendor\\laravel\\framework\\src\\Illuminate\\Foundation\\Http\\Middleware\\TrimStrings.php(40): Illuminate\\Foundation\\Http\\Middleware\\TransformsRequest->handle(Object(Illuminate\\Http\\Request), Object(Closure))
#25 D:\\SEMESTER 5\\PEMROGRAMAN WEB C\\MODUL\\Modul 6\\CodeLab\\praktikum-laravel\\vendor\\laravel\\framework\\src\\Illuminate\\Pipeline\\Pipeline.php(180): Illuminate\\Foundation\\Http\\Middleware\\TrimStrings->handle(Object(Illuminate\\Http\\Request), Object(Closure))
#26 D:\\SEMESTER 5\\PEMROGRAMAN WEB C\\MODUL\\Modul 6\\CodeLab\\praktikum-laravel\\vendor\\laravel\\framework\\src\\Illuminate\\Foundation\\Http\\Middleware\\ValidatePostSize.php(27): Illuminate\\Pipeline\\Pipeline->Illuminate\\Pipeline\\{closure}(Object(Illuminate\\Http\\Request))
#27 D:\\SEMESTER 5\\PEMROGRAMAN WEB C\\MODUL\\Modul 6\\CodeLab\\praktikum-laravel\\vendor\\laravel\\framework\\src\\Illuminate\\Pipeline\\Pipeline.php(180): Illuminate\\Foundation\\Http\\Middleware\\ValidatePostSize->handle(Object(Illuminate\\Http\\Request), Object(Closure))
#28 D:\\SEMESTER 5\\PEMROGRAMAN WEB C\\MODUL\\Modul 6\\CodeLab\\praktikum-laravel\\vendor\\laravel\\framework\\src\\Illuminate\\Foundation\\Http\\Middleware\\PreventRequestsDuringMaintenance.php(99): Illuminate\\Pipeline\\Pipeline->Illuminate\\Pipeline\\{closure}(Object(Illuminate\\Http\\Request))
#29 D:\\SEMESTER 5\\PEMROGRAMAN WEB C\\MODUL\\Modul 6\\CodeLab\\praktikum-laravel\\vendor\\laravel\\framework\\src\\Illuminate\\Pipeline\\Pipeline.php(180): Illuminate\\Foundation\\Http\\Middleware\\PreventRequestsDuringMaintenance->handle(Object(Illuminate\\Http\\Request), Object(Closure))
#30 D:\\SEMESTER 5\\PEMROGRAMAN WEB C\\MODUL\\Modul 6\\CodeLab\\praktikum-laravel\\vendor\\laravel\\framework\\src\\Illuminate\\Http\\Middleware\\HandleCors.php(62): Illuminate\\Pipeline\\Pipeline->Illuminate\\Pipeline\\{closure}(Object(Illuminate\\Http\\Request))
#31 D:\\SEMESTER 5\\PEMROGRAMAN WEB C\\MODUL\\Modul 6\\CodeLab\\praktikum-laravel\\vendor\\laravel\\framework\\src\\Illuminate\\Pipeline\\Pipeline.php(180): Illuminate\\Http\\Middleware\\HandleCors->handle(Object(Illuminate\\Http\\Request), Object(Closure))
#32 D:\\SEMESTER 5\\PEMROGRAMAN WEB C\\MODUL\\Modul 6\\CodeLab\\praktikum-laravel\\vendor\\laravel\\framework\\src\\Illuminate\\Http\\Middleware\\TrustProxies.php(39): Illuminate\\Pipeline\\Pipeline->Illuminate\\Pipeline\\{closure}(Object(Illuminate\\Http\\Request))
#33 D:\\SEMESTER 5\\PEMROGRAMAN WEB C\\MODUL\\Modul 6\\CodeLab\\praktikum-laravel\\vendor\\laravel\\framework\\src\\Illuminate\\Pipeline\\Pipeline.php(180): Illuminate\\Http\\Middleware\\TrustProxies->handle(Object(Illuminate\\Http\\Request), Object(Closure))
#34 D:\\SEMESTER 5\\PEMROGRAMAN WEB C\\MODUL\\Modul 6\\CodeLab\\praktikum-laravel\\vendor\\laravel\\framework\\src\\Illuminate\\Pipeline\\Pipeline.php(116): Illuminate\\Pipeline\\Pipeline->Illuminate\\Pipeline\\{closure}(Object(Illuminate\\Http\\Request))
#35 D:\\SEMESTER 5\\PEMROGRAMAN WEB C\\MODUL\\Modul 6\\CodeLab\\praktikum-laravel\\vendor\\laravel\\framework\\src\\Illuminate\\Foundation\\Http\\Kernel.php(175): Illuminate\\Pipeline\\Pipeline->then(Object(Closure))
#36 D:\\SEMESTER 5\\PEMROGRAMAN WEB C\\MODUL\\Modul 6\\CodeLab\\praktikum-laravel\\vendor\\laravel\\framework\\src\\Illuminate\\Foundation\\Http\\Kernel.php(144): Illuminate\\Foundation\\Http\\Kernel->sendRequestThroughRouter(Object(Illuminate\\Http\\Request))
#37 D:\\SEMESTER 5\\PEMROGRAMAN WEB C\\MODUL\\Modul 6\\CodeLab\\praktikum-laravel\\public\\index.php(51): Illuminate\\Foundation\\Http\\Kernel->handle(Object(Illuminate\\Http\\Request))
#38 D:\\SEMESTER 5\\PEMROGRAMAN WEB C\\MODUL\\Modul 6\\CodeLab\\praktikum-laravel\\vendor\\laravel\\framework\\src\\Illuminate\\Foundation\\resources\\server.php(16): require_once('D:\\\\SEMESTER 5\\\\P...')
#39 {main}
"} 
[2023-12-12 07:50:03] local.ERROR: Method Illuminate\Http\Request::validated does not exist. {"exception":"[object] (BadMethodCallException(code: 0): Method Illuminate\\Http\\Request::validated does not exist. at D:\\SEMESTER 5\\PEMROGRAMAN WEB C\\MODUL\\Modul 6\\CodeLab\\praktikum-laravel\\vendor\\laravel\\framework\\src\\Illuminate\\Macroable\\Traits\\Macroable.php:112)
[stacktrace]
#0 D:\\SEMESTER 5\\PEMROGRAMAN WEB C\\MODUL\\Modul 6\\CodeLab\\praktikum-laravel\\app\\Http\\Controllers\\ProductCategoryController.php(36): Illuminate\\Http\\Request->__call('validated', Array)
#1 D:\\SEMESTER 5\\PEMROGRAMAN WEB C\\MODUL\\Modul 6\\CodeLab\\praktikum-laravel\\vendor\\laravel\\framework\\src\\Illuminate\\Routing\\Controller.php(54): App\\Http\\Controllers\\ProductCategoryController->store(Object(Illuminate\\Http\\Request))
#2 D:\\SEMESTER 5\\PEMROGRAMAN WEB C\\MODUL\\Modul 6\\CodeLab\\praktikum-laravel\\vendor\\laravel\\framework\\src\\Illuminate\\Routing\\ControllerDispatcher.php(43): Illuminate\\Routing\\Controller->callAction('store', Array)
#3 D:\\SEMESTER 5\\PEMROGRAMAN WEB C\\MODUL\\Modul 6\\CodeLab\\praktikum-laravel\\vendor\\laravel\\framework\\src\\Illuminate\\Routing\\Route.php(259): Illuminate\\Routing\\ControllerDispatcher->dispatch(Object(Illuminate\\Routing\\Route), Object(App\\Http\\Controllers\\ProductCategoryController), 'store')
#4 D:\\SEMESTER 5\\PEMROGRAMAN WEB C\\MODUL\\Modul 6\\CodeLab\\praktikum-laravel\\vendor\\laravel\\framework\\src\\Illuminate\\Routing\\Route.php(205): Illuminate\\Routing\\Route->runController()
#5 D:\\SEMESTER 5\\PEMROGRAMAN WEB C\\MODUL\\Modul 6\\CodeLab\\praktikum-laravel\\vendor\\laravel\\framework\\src\\Illuminate\\Routing\\Router.php(806): Illuminate\\Routing\\Route->run()
#6 D:\\SEMESTER 5\\PEMROGRAMAN WEB C\\MODUL\\Modul 6\\CodeLab\\praktikum-laravel\\vendor\\laravel\\framework\\src\\Illuminate\\Pipeline\\Pipeline.php(141): Illuminate\\Routing\\Router->Illuminate\\Routing\\{closure}(Object(Illuminate\\Http\\Request))
#7 D:\\SEMESTER 5\\PEMROGRAMAN WEB C\\MODUL\\Modul 6\\CodeLab\\praktikum-laravel\\vendor\\laravel\\framework\\src\\Illuminate\\Routing\\Middleware\\SubstituteBindings.php(50): Illuminate\\Pipeline\\Pipeline->Illuminate\\Pipeline\\{closure}(Object(Illuminate\\Http\\Request))
#8 D:\\SEMESTER 5\\PEMROGRAMAN WEB C\\MODUL\\Modul 6\\CodeLab\\praktikum-laravel\\vendor\\laravel\\framework\\src\\Illuminate\\Pipeline\\Pipeline.php(180): Illuminate\\Routing\\Middleware\\SubstituteBindings->handle(Object(Illuminate\\Http\\Request), Object(Closure))
#9 D:\\SEMESTER 5\\PEMROGRAMAN WEB C\\MODUL\\Modul 6\\CodeLab\\praktikum-laravel\\vendor\\laravel\\framework\\src\\Illuminate\\Routing\\Middleware\\ThrottleRequests.php(159): Illuminate\\Pipeline\\Pipeline->Illuminate\\Pipeline\\{closure}(Object(Illuminate\\Http\\Request))
#10 D:\\SEMESTER 5\\PEMROGRAMAN WEB C\\MODUL\\Modul 6\\CodeLab\\praktikum-laravel\\vendor\\laravel\\framework\\src\\Illuminate\\Routing\\Middleware\\ThrottleRequests.php(125): Illuminate\\Routing\\Middleware\\ThrottleRequests->handleRequest(Object(Illuminate\\Http\\Request), Object(Closure), Array)
#11 D:\\SEMESTER 5\\PEMROGRAMAN WEB C\\MODUL\\Modul 6\\CodeLab\\praktikum-laravel\\vendor\\laravel\\framework\\src\\Illuminate\\Routing\\Middleware\\ThrottleRequests.php(87): Illuminate\\Routing\\Middleware\\ThrottleRequests->handleRequestUsingNamedLimiter(Object(Illuminate\\Http\\Request), Object(Closure), 'api', Object(Closure))
#12 D:\\SEMESTER 5\\PEMROGRAMAN WEB C\\MODUL\\Modul 6\\CodeLab\\praktikum-laravel\\vendor\\laravel\\framework\\src\\Illuminate\\Pipeline\\Pipeline.php(180): Illuminate\\Routing\\Middleware\\ThrottleRequests->handle(Object(Illuminate\\Http\\Request), Object(Closure), 'api')
#13 D:\\SEMESTER 5\\PEMROGRAMAN WEB C\\MODUL\\Modul 6\\CodeLab\\praktikum-laravel\\vendor\\laravel\\framework\\src\\Illuminate\\Pipeline\\Pipeline.php(116): Illuminate\\Pipeline\\Pipeline->Illuminate\\Pipeline\\{closure}(Object(Illuminate\\Http\\Request))
#14 D:\\SEMESTER 5\\PEMROGRAMAN WEB C\\MODUL\\Modul 6\\CodeLab\\praktikum-laravel\\vendor\\laravel\\framework\\src\\Illuminate\\Routing\\Router.php(805): Illuminate\\Pipeline\\Pipeline->then(Object(Closure))
#15 D:\\SEMESTER 5\\PEMROGRAMAN WEB C\\MODUL\\Modul 6\\CodeLab\\praktikum-laravel\\vendor\\laravel\\framework\\src\\Illuminate\\Routing\\Router.php(784): Illuminate\\Routing\\Router->runRouteWithinStack(Object(Illuminate\\Routing\\Route), Object(Illuminate\\Http\\Request))
#16 D:\\SEMESTER 5\\PEMROGRAMAN WEB C\\MODUL\\Modul 6\\CodeLab\\praktikum-laravel\\vendor\\laravel\\framework\\src\\Illuminate\\Routing\\Router.php(748): Illuminate\\Routing\\Router->runRoute(Object(Illuminate\\Http\\Request), Object(Illuminate\\Routing\\Route))
#17 D:\\SEMESTER 5\\PEMROGRAMAN WEB C\\MODUL\\Modul 6\\CodeLab\\praktikum-laravel\\vendor\\laravel\\framework\\src\\Illuminate\\Routing\\Router.php(737): Illuminate\\Routing\\Router->dispatchToRoute(Object(Illuminate\\Http\\Request))
#18 D:\\SEMESTER 5\\PEMROGRAMAN WEB C\\MODUL\\Modul 6\\CodeLab\\praktikum-laravel\\vendor\\laravel\\framework\\src\\Illuminate\\Foundation\\Http\\Kernel.php(200): Illuminate\\Routing\\Router->dispatch(Object(Illuminate\\Http\\Request))
#19 D:\\SEMESTER 5\\PEMROGRAMAN WEB C\\MODUL\\Modul 6\\CodeLab\\praktikum-laravel\\vendor\\laravel\\framework\\src\\Illuminate\\Pipeline\\Pipeline.php(141): Illuminate\\Foundation\\Http\\Kernel->Illuminate\\Foundation\\Http\\{closure}(Object(Illuminate\\Http\\Request))
#20 D:\\SEMESTER 5\\PEMROGRAMAN WEB C\\MODUL\\Modul 6\\CodeLab\\praktikum-laravel\\vendor\\laravel\\framework\\src\\Illuminate\\Foundation\\Http\\Middleware\\TransformsRequest.php(21): Illuminate\\Pipeline\\Pipeline->Illuminate\\Pipeline\\{closure}(Object(Illuminate\\Http\\Request))
#21 D:\\SEMESTER 5\\PEMROGRAMAN WEB C\\MODUL\\Modul 6\\CodeLab\\praktikum-laravel\\vendor\\laravel\\framework\\src\\Illuminate\\Foundation\\Http\\Middleware\\ConvertEmptyStringsToNull.php(31): Illuminate\\Foundation\\Http\\Middleware\\TransformsRequest->handle(Object(Illuminate\\Http\\Request), Object(Closure))
#22 D:\\SEMESTER 5\\PEMROGRAMAN WEB C\\MODUL\\Modul 6\\CodeLab\\praktikum-laravel\\vendor\\laravel\\framework\\src\\Illuminate\\Pipeline\\Pipeline.php(180): Illuminate\\Foundation\\Http\\Middleware\\ConvertEmptyStringsToNull->handle(Object(Illuminate\\Http\\Request), Object(Closure))
#23 D:\\SEMESTER 5\\PEMROGRAMAN WEB C\\MODUL\\Modul 6\\CodeLab\\praktikum-laravel\\vendor\\laravel\\framework\\src\\Illuminate\\Foundation\\Http\\Middleware\\TransformsRequest.php(21): Illuminate\\Pipeline\\Pipeline->Illuminate\\Pipeline\\{closure}(Object(Illuminate\\Http\\Request))
#24 D:\\SEMESTER 5\\PEMROGRAMAN WEB C\\MODUL\\Modul 6\\CodeLab\\praktikum-laravel\\vendor\\laravel\\framework\\src\\Illuminate\\Foundation\\Http\\Middleware\\TrimStrings.php(40): Illuminate\\Foundation\\Http\\Middleware\\TransformsRequest->handle(Object(Illuminate\\Http\\Request), Object(Closure))
#25 D:\\SEMESTER 5\\PEMROGRAMAN WEB C\\MODUL\\Modul 6\\CodeLab\\praktikum-laravel\\vendor\\laravel\\framework\\src\\Illuminate\\Pipeline\\Pipeline.php(180): Illuminate\\Foundation\\Http\\Middleware\\TrimStrings->handle(Object(Illuminate\\Http\\Request), Object(Closure))
#26 D:\\SEMESTER 5\\PEMROGRAMAN WEB C\\MODUL\\Modul 6\\CodeLab\\praktikum-laravel\\vendor\\laravel\\framework\\src\\Illuminate\\Foundation\\Http\\Middleware\\ValidatePostSize.php(27): Illuminate\\Pipeline\\Pipeline->Illuminate\\Pipeline\\{closure}(Object(Illuminate\\Http\\Request))
#27 D:\\SEMESTER 5\\PEMROGRAMAN WEB C\\MODUL\\Modul 6\\CodeLab\\praktikum-laravel\\vendor\\laravel\\framework\\src\\Illuminate\\Pipeline\\Pipeline.php(180): Illuminate\\Foundation\\Http\\Middleware\\ValidatePostSize->handle(Object(Illuminate\\Http\\Request), Object(Closure))
#28 D:\\SEMESTER 5\\PEMROGRAMAN WEB C\\MODUL\\Modul 6\\CodeLab\\praktikum-laravel\\vendor\\laravel\\framework\\src\\Illuminate\\Foundation\\Http\\Middleware\\PreventRequestsDuringMaintenance.php(99): Illuminate\\Pipeline\\Pipeline->Illuminate\\Pipeline\\{closure}(Object(Illuminate\\Http\\Request))
#29 D:\\SEMESTER 5\\PEMROGRAMAN WEB C\\MODUL\\Modul 6\\CodeLab\\praktikum-laravel\\vendor\\laravel\\framework\\src\\Illuminate\\Pipeline\\Pipeline.php(180): Illuminate\\Foundation\\Http\\Middleware\\PreventRequestsDuringMaintenance->handle(Object(Illuminate\\Http\\Request), Object(Closure))
#30 D:\\SEMESTER 5\\PEMROGRAMAN WEB C\\MODUL\\Modul 6\\CodeLab\\praktikum-laravel\\vendor\\laravel\\framework\\src\\Illuminate\\Http\\Middleware\\HandleCors.php(62): Illuminate\\Pipeline\\Pipeline->Illuminate\\Pipeline\\{closure}(Object(Illuminate\\Http\\Request))
#31 D:\\SEMESTER 5\\PEMROGRAMAN WEB C\\MODUL\\Modul 6\\CodeLab\\praktikum-laravel\\vendor\\laravel\\framework\\src\\Illuminate\\Pipeline\\Pipeline.php(180): Illuminate\\Http\\Middleware\\HandleCors->handle(Object(Illuminate\\Http\\Request), Object(Closure))
#32 D:\\SEMESTER 5\\PEMROGRAMAN WEB C\\MODUL\\Modul 6\\CodeLab\\praktikum-laravel\\vendor\\laravel\\framework\\src\\Illuminate\\Http\\Middleware\\TrustProxies.php(39): Illuminate\\Pipeline\\Pipeline->Illuminate\\Pipeline\\{closure}(Object(Illuminate\\Http\\Request))
#33 D:\\SEMESTER 5\\PEMROGRAMAN WEB C\\MODUL\\Modul 6\\CodeLab\\praktikum-laravel\\vendor\\laravel\\framework\\src\\Illuminate\\Pipeline\\Pipeline.php(180): Illuminate\\Http\\Middleware\\TrustProxies->handle(Object(Illuminate\\Http\\Request), Object(Closure))
#34 D:\\SEMESTER 5\\PEMROGRAMAN WEB C\\MODUL\\Modul 6\\CodeLab\\praktikum-laravel\\vendor\\laravel\\framework\\src\\Illuminate\\Pipeline\\Pipeline.php(116): Illuminate\\Pipeline\\Pipeline->Illuminate\\Pipeline\\{closure}(Object(Illuminate\\Http\\Request))
#35 D:\\SEMESTER 5\\PEMROGRAMAN WEB C\\MODUL\\Modul 6\\CodeLab\\praktikum-laravel\\vendor\\laravel\\framework\\src\\Illuminate\\Foundation\\Http\\Kernel.php(175): Illuminate\\Pipeline\\Pipeline->then(Object(Closure))
#36 D:\\SEMESTER 5\\PEMROGRAMAN WEB C\\MODUL\\Modul 6\\CodeLab\\praktikum-laravel\\vendor\\laravel\\framework\\src\\Illuminate\\Foundation\\Http\\Kernel.php(144): Illuminate\\Foundation\\Http\\Kernel->sendRequestThroughRouter(Object(Illuminate\\Http\\Request))
#37 D:\\SEMESTER 5\\PEMROGRAMAN WEB C\\MODUL\\Modul 6\\CodeLab\\praktikum-laravel\\public\\index.php(51): Illuminate\\Foundation\\Http\\Kernel->handle(Object(Illuminate\\Http\\Request))
#38 D:\\SEMESTER 5\\PEMROGRAMAN WEB C\\MODUL\\Modul 6\\CodeLab\\praktikum-laravel\\vendor\\laravel\\framework\\src\\Illuminate\\Foundation\\resources\\server.php(16): require_once('D:\\\\SEMESTER 5\\\\P...')
#39 {main}
"} 
[2023-12-12 07:58:38] local.ERROR: Method Illuminate\Http\Request::validated does not exist. {"exception":"[object] (BadMethodCallException(code: 0): Method Illuminate\\Http\\Request::validated does not exist. at D:\\SEMESTER 5\\PEMROGRAMAN WEB C\\MODUL\\Modul 6\\CodeLab\\praktikum-laravel\\vendor\\laravel\\framework\\src\\Illuminate\\Macroable\\Traits\\Macroable.php:112)
[stacktrace]
#0 D:\\SEMESTER 5\\PEMROGRAMAN WEB C\\MODUL\\Modul 6\\CodeLab\\praktikum-laravel\\app\\Http\\Controllers\\ProductCategoryController.php(38): Illuminate\\Http\\Request->__call('validated', Array)
#1 D:\\SEMESTER 5\\PEMROGRAMAN WEB C\\MODUL\\Modul 6\\CodeLab\\praktikum-laravel\\vendor\\laravel\\framework\\src\\Illuminate\\Routing\\Controller.php(54): App\\Http\\Controllers\\ProductCategoryController->store(Object(Illuminate\\Http\\Request))
#2 D:\\SEMESTER 5\\PEMROGRAMAN WEB C\\MODUL\\Modul 6\\CodeLab\\praktikum-laravel\\vendor\\laravel\\framework\\src\\Illuminate\\Routing\\ControllerDispatcher.php(43): Illuminate\\Routing\\Controller->callAction('store', Array)
#3 D:\\SEMESTER 5\\PEMROGRAMAN WEB C\\MODUL\\Modul 6\\CodeLab\\praktikum-laravel\\vendor\\laravel\\framework\\src\\Illuminate\\Routing\\Route.php(259): Illuminate\\Routing\\ControllerDispatcher->dispatch(Object(Illuminate\\Routing\\Route), Object(App\\Http\\Controllers\\ProductCategoryController), 'store')
#4 D:\\SEMESTER 5\\PEMROGRAMAN WEB C\\MODUL\\Modul 6\\CodeLab\\praktikum-laravel\\vendor\\laravel\\framework\\src\\Illuminate\\Routing\\Route.php(205): Illuminate\\Routing\\Route->runController()
#5 D:\\SEMESTER 5\\PEMROGRAMAN WEB C\\MODUL\\Modul 6\\CodeLab\\praktikum-laravel\\vendor\\laravel\\framework\\src\\Illuminate\\Routing\\Router.php(806): Illuminate\\Routing\\Route->run()
#6 D:\\SEMESTER 5\\PEMROGRAMAN WEB C\\MODUL\\Modul 6\\CodeLab\\praktikum-laravel\\vendor\\laravel\\framework\\src\\Illuminate\\Pipeline\\Pipeline.php(141): Illuminate\\Routing\\Router->Illuminate\\Routing\\{closure}(Object(Illuminate\\Http\\Request))
#7 D:\\SEMESTER 5\\PEMROGRAMAN WEB C\\MODUL\\Modul 6\\CodeLab\\praktikum-laravel\\vendor\\laravel\\framework\\src\\Illuminate\\Routing\\Middleware\\SubstituteBindings.php(50): Illuminate\\Pipeline\\Pipeline->Illuminate\\Pipeline\\{closure}(Object(Illuminate\\Http\\Request))
#8 D:\\SEMESTER 5\\PEMROGRAMAN WEB C\\MODUL\\Modul 6\\CodeLab\\praktikum-laravel\\vendor\\laravel\\framework\\src\\Illuminate\\Pipeline\\Pipeline.php(180): Illuminate\\Routing\\Middleware\\SubstituteBindings->handle(Object(Illuminate\\Http\\Request), Object(Closure))
#9 D:\\SEMESTER 5\\PEMROGRAMAN WEB C\\MODUL\\Modul 6\\CodeLab\\praktikum-laravel\\vendor\\laravel\\framework\\src\\Illuminate\\Routing\\Middleware\\ThrottleRequests.php(159): Illuminate\\Pipeline\\Pipeline->Illuminate\\Pipeline\\{closure}(Object(Illuminate\\Http\\Request))
#10 D:\\SEMESTER 5\\PEMROGRAMAN WEB C\\MODUL\\Modul 6\\CodeLab\\praktikum-laravel\\vendor\\laravel\\framework\\src\\Illuminate\\Routing\\Middleware\\ThrottleRequests.php(125): Illuminate\\Routing\\Middleware\\ThrottleRequests->handleRequest(Object(Illuminate\\Http\\Request), Object(Closure), Array)
#11 D:\\SEMESTER 5\\PEMROGRAMAN WEB C\\MODUL\\Modul 6\\CodeLab\\praktikum-laravel\\vendor\\laravel\\framework\\src\\Illuminate\\Routing\\Middleware\\ThrottleRequests.php(87): Illuminate\\Routing\\Middleware\\ThrottleRequests->handleRequestUsingNamedLimiter(Object(Illuminate\\Http\\Request), Object(Closure), 'api', Object(Closure))
#12 D:\\SEMESTER 5\\PEMROGRAMAN WEB C\\MODUL\\Modul 6\\CodeLab\\praktikum-laravel\\vendor\\laravel\\framework\\src\\Illuminate\\Pipeline\\Pipeline.php(180): Illuminate\\Routing\\Middleware\\ThrottleRequests->handle(Object(Illuminate\\Http\\Request), Object(Closure), 'api')
#13 D:\\SEMESTER 5\\PEMROGRAMAN WEB C\\MODUL\\Modul 6\\CodeLab\\praktikum-laravel\\vendor\\laravel\\framework\\src\\Illuminate\\Pipeline\\Pipeline.php(116): Illuminate\\Pipeline\\Pipeline->Illuminate\\Pipeline\\{closure}(Object(Illuminate\\Http\\Request))
#14 D:\\SEMESTER 5\\PEMROGRAMAN WEB C\\MODUL\\Modul 6\\CodeLab\\praktikum-laravel\\vendor\\laravel\\framework\\src\\Illuminate\\Routing\\Router.php(805): Illuminate\\Pipeline\\Pipeline->then(Object(Closure))
#15 D:\\SEMESTER 5\\PEMROGRAMAN WEB C\\MODUL\\Modul 6\\CodeLab\\praktikum-laravel\\vendor\\laravel\\framework\\src\\Illuminate\\Routing\\Router.php(784): Illuminate\\Routing\\Router->runRouteWithinStack(Object(Illuminate\\Routing\\Route), Object(Illuminate\\Http\\Request))
#16 D:\\SEMESTER 5\\PEMROGRAMAN WEB C\\MODUL\\Modul 6\\CodeLab\\praktikum-laravel\\vendor\\laravel\\framework\\src\\Illuminate\\Routing\\Router.php(748): Illuminate\\Routing\\Router->runRoute(Object(Illuminate\\Http\\Request), Object(Illuminate\\Routing\\Route))
#17 D:\\SEMESTER 5\\PEMROGRAMAN WEB C\\MODUL\\Modul 6\\CodeLab\\praktikum-laravel\\vendor\\laravel\\framework\\src\\Illuminate\\Routing\\Router.php(737): Illuminate\\Routing\\Router->dispatchToRoute(Object(Illuminate\\Http\\Request))
#18 D:\\SEMESTER 5\\PEMROGRAMAN WEB C\\MODUL\\Modul 6\\CodeLab\\praktikum-laravel\\vendor\\laravel\\framework\\src\\Illuminate\\Foundation\\Http\\Kernel.php(200): Illuminate\\Routing\\Router->dispatch(Object(Illuminate\\Http\\Request))
#19 D:\\SEMESTER 5\\PEMROGRAMAN WEB C\\MODUL\\Modul 6\\CodeLab\\praktikum-laravel\\vendor\\laravel\\framework\\src\\Illuminate\\Pipeline\\Pipeline.php(141): Illuminate\\Foundation\\Http\\Kernel->Illuminate\\Foundation\\Http\\{closure}(Object(Illuminate\\Http\\Request))
#20 D:\\SEMESTER 5\\PEMROGRAMAN WEB C\\MODUL\\Modul 6\\CodeLab\\praktikum-laravel\\vendor\\laravel\\framework\\src\\Illuminate\\Foundation\\Http\\Middleware\\TransformsRequest.php(21): Illuminate\\Pipeline\\Pipeline->Illuminate\\Pipeline\\{closure}(Object(Illuminate\\Http\\Request))
#21 D:\\SEMESTER 5\\PEMROGRAMAN WEB C\\MODUL\\Modul 6\\CodeLab\\praktikum-laravel\\vendor\\laravel\\framework\\src\\Illuminate\\Foundation\\Http\\Middleware\\ConvertEmptyStringsToNull.php(31): Illuminate\\Foundation\\Http\\Middleware\\TransformsRequest->handle(Object(Illuminate\\Http\\Request), Object(Closure))
#22 D:\\SEMESTER 5\\PEMROGRAMAN WEB C\\MODUL\\Modul 6\\CodeLab\\praktikum-laravel\\vendor\\laravel\\framework\\src\\Illuminate\\Pipeline\\Pipeline.php(180): Illuminate\\Foundation\\Http\\Middleware\\ConvertEmptyStringsToNull->handle(Object(Illuminate\\Http\\Request), Object(Closure))
#23 D:\\SEMESTER 5\\PEMROGRAMAN WEB C\\MODUL\\Modul 6\\CodeLab\\praktikum-laravel\\vendor\\laravel\\framework\\src\\Illuminate\\Foundation\\Http\\Middleware\\TransformsRequest.php(21): Illuminate\\Pipeline\\Pipeline->Illuminate\\Pipeline\\{closure}(Object(Illuminate\\Http\\Request))
#24 D:\\SEMESTER 5\\PEMROGRAMAN WEB C\\MODUL\\Modul 6\\CodeLab\\praktikum-laravel\\vendor\\laravel\\framework\\src\\Illuminate\\Foundation\\Http\\Middleware\\TrimStrings.php(40): Illuminate\\Foundation\\Http\\Middleware\\TransformsRequest->handle(Object(Illuminate\\Http\\Request), Object(Closure))
#25 D:\\SEMESTER 5\\PEMROGRAMAN WEB C\\MODUL\\Modul 6\\CodeLab\\praktikum-laravel\\vendor\\laravel\\framework\\src\\Illuminate\\Pipeline\\Pipeline.php(180): Illuminate\\Foundation\\Http\\Middleware\\TrimStrings->handle(Object(Illuminate\\Http\\Request), Object(Closure))
#26 D:\\SEMESTER 5\\PEMROGRAMAN WEB C\\MODUL\\Modul 6\\CodeLab\\praktikum-laravel\\vendor\\laravel\\framework\\src\\Illuminate\\Foundation\\Http\\Middleware\\ValidatePostSize.php(27): Illuminate\\Pipeline\\Pipeline->Illuminate\\Pipeline\\{closure}(Object(Illuminate\\Http\\Request))
#27 D:\\SEMESTER 5\\PEMROGRAMAN WEB C\\MODUL\\Modul 6\\CodeLab\\praktikum-laravel\\vendor\\laravel\\framework\\src\\Illuminate\\Pipeline\\Pipeline.php(180): Illuminate\\Foundation\\Http\\Middleware\\ValidatePostSize->handle(Object(Illuminate\\Http\\Request), Object(Closure))
#28 D:\\SEMESTER 5\\PEMROGRAMAN WEB C\\MODUL\\Modul 6\\CodeLab\\praktikum-laravel\\vendor\\laravel\\framework\\src\\Illuminate\\Foundation\\Http\\Middleware\\PreventRequestsDuringMaintenance.php(99): Illuminate\\Pipeline\\Pipeline->Illuminate\\Pipeline\\{closure}(Object(Illuminate\\Http\\Request))
#29 D:\\SEMESTER 5\\PEMROGRAMAN WEB C\\MODUL\\Modul 6\\CodeLab\\praktikum-laravel\\vendor\\laravel\\framework\\src\\Illuminate\\Pipeline\\Pipeline.php(180): Illuminate\\Foundation\\Http\\Middleware\\PreventRequestsDuringMaintenance->handle(Object(Illuminate\\Http\\Request), Object(Closure))
#30 D:\\SEMESTER 5\\PEMROGRAMAN WEB C\\MODUL\\Modul 6\\CodeLab\\praktikum-laravel\\vendor\\laravel\\framework\\src\\Illuminate\\Http\\Middleware\\HandleCors.php(62): Illuminate\\Pipeline\\Pipeline->Illuminate\\Pipeline\\{closure}(Object(Illuminate\\Http\\Request))
#31 D:\\SEMESTER 5\\PEMROGRAMAN WEB C\\MODUL\\Modul 6\\CodeLab\\praktikum-laravel\\vendor\\laravel\\framework\\src\\Illuminate\\Pipeline\\Pipeline.php(180): Illuminate\\Http\\Middleware\\HandleCors->handle(Object(Illuminate\\Http\\Request), Object(Closure))
#32 D:\\SEMESTER 5\\PEMROGRAMAN WEB C\\MODUL\\Modul 6\\CodeLab\\praktikum-laravel\\vendor\\laravel\\framework\\src\\Illuminate\\Http\\Middleware\\TrustProxies.php(39): Illuminate\\Pipeline\\Pipeline->Illuminate\\Pipeline\\{closure}(Object(Illuminate\\Http\\Request))
#33 D:\\SEMESTER 5\\PEMROGRAMAN WEB C\\MODUL\\Modul 6\\CodeLab\\praktikum-laravel\\vendor\\laravel\\framework\\src\\Illuminate\\Pipeline\\Pipeline.php(180): Illuminate\\Http\\Middleware\\TrustProxies->handle(Object(Illuminate\\Http\\Request), Object(Closure))
#34 D:\\SEMESTER 5\\PEMROGRAMAN WEB C\\MODUL\\Modul 6\\CodeLab\\praktikum-laravel\\vendor\\laravel\\framework\\src\\Illuminate\\Pipeline\\Pipeline.php(116): Illuminate\\Pipeline\\Pipeline->Illuminate\\Pipeline\\{closure}(Object(Illuminate\\Http\\Request))
#35 D:\\SEMESTER 5\\PEMROGRAMAN WEB C\\MODUL\\Modul 6\\CodeLab\\praktikum-laravel\\vendor\\laravel\\framework\\src\\Illuminate\\Foundation\\Http\\Kernel.php(175): Illuminate\\Pipeline\\Pipeline->then(Object(Closure))
#36 D:\\SEMESTER 5\\PEMROGRAMAN WEB C\\MODUL\\Modul 6\\CodeLab\\praktikum-laravel\\vendor\\laravel\\framework\\src\\Illuminate\\Foundation\\Http\\Kernel.php(144): Illuminate\\Foundation\\Http\\Kernel->sendRequestThroughRouter(Object(Illuminate\\Http\\Request))
#37 D:\\SEMESTER 5\\PEMROGRAMAN WEB C\\MODUL\\Modul 6\\CodeLab\\praktikum-laravel\\public\\index.php(51): Illuminate\\Foundation\\Http\\Kernel->handle(Object(Illuminate\\Http\\Request))
#38 D:\\SEMESTER 5\\PEMROGRAMAN WEB C\\MODUL\\Modul 6\\CodeLab\\praktikum-laravel\\vendor\\laravel\\framework\\src\\Illuminate\\Foundation\\resources\\server.php(16): require_once('D:\\\\SEMESTER 5\\\\P...')
#39 {main}
"} 
